<?xml version="1.0" encoding="UTF-8"?>
<!-- Generated by org.testng.reporters.JUnitXMLReporter -->
<testsuite ignored="0" hostname="LAPTOP-YESAYAS" failures="0" tests="2" name="Surefire test" time="67.941" errors="0" timestamp="2023-05-18T10:54:20 WIB">
  <testcase classname="com.herokuapp.theinternet.NegativeTests" name="incorrectPassword" time="34.781"/>
  <testcase classname="com.herokuapp.theinternet.NegativeTests" name="incorrectUsername" time="33.108"/>
</testsuite> <!-- Surefire test -->
