<?xml version="1.0" encoding="UTF-8"?>
<testng-results ignored="0" total="2" passed="2" failed="0" skipped="0">
  <reporter-output>
  </reporter-output>
  <suite started-at="2023-05-18T10:53:12 WIB" name="Surefire suite" finished-at="2023-05-18T10:54:20 WIB" duration-ms="67941">
    <groups>
    </groups>
    <test started-at="2023-05-18T10:53:12 WIB" name="Surefire test" finished-at="2023-05-18T10:54:20 WIB" duration-ms="67941">
      <class name="com.herokuapp.theinternet.NegativeTests">
        <test-method signature="incorrectPassword()[pri:0, instance:com.herokuapp.theinternet.NegativeTests@770d3326]" started-at="2023-05-18T10:53:12 WIB" name="incorrectPassword" finished-at="2023-05-18T10:53:47 WIB" duration-ms="34781" status="PASS">
          <reporter-output>
          </reporter-output>
        </test-method> <!-- incorrectPassword -->
        <test-method signature="incorrectUsername()[pri:0, instance:com.herokuapp.theinternet.NegativeTests@770d3326]" started-at="2023-05-18T10:53:47 WIB" name="incorrectUsername" finished-at="2023-05-18T10:54:20 WIB" duration-ms="33108" status="PASS">
          <reporter-output>
          </reporter-output>
        </test-method> <!-- incorrectUsername -->
      </class> <!-- com.herokuapp.theinternet.NegativeTests -->
    </test> <!-- Surefire test -->
  </suite> <!-- Surefire suite -->
</testng-results>
